<?xml version="1.0" encoding="UTF-8"?>
<testng-results skipped="0" failed="0" total="1" passed="1">
  <reporter-output>
  </reporter-output>
  <suite name="Default suite" duration-ms="39678" started-at="2020-02-21T06:10:58Z" finished-at="2020-02-21T06:11:37Z">
    <groups>
    </groups>
    <test name="Default test" duration-ms="39678" started-at="2020-02-21T06:10:58Z" finished-at="2020-02-21T06:11:37Z">
      <class name="testNGdemo.ScrollByPage">
        <test-method status="PASS" signature="ByPage()[pri:0, instance:testNGdemo.ScrollByPage@527740a2]" name="ByPage" duration-ms="39632" started-at="2020-02-21T11:40:58Z" finished-at="2020-02-21T11:41:37Z">
          <reporter-output>
          </reporter-output>
        </test-method> <!-- ByPage -->
      </class> <!-- testNGdemo.ScrollByPage -->
    </test> <!-- Default test -->
  </suite> <!-- Default suite -->
</testng-results>
